<?xml version="1.0" encoding="UTF-8"?>
<testng-results ignored="0" total="5" passed="5" failed="0" skipped="0">
  <reporter-output>
  </reporter-output>
  <suite started-at="2022-08-19T05:20:15Z" name="Default suite" finished-at="2022-08-19T05:21:34Z" duration-ms="78448">
    <groups>
    </groups>
    <test started-at="2022-08-19T05:20:15Z" name="Default test" finished-at="2022-08-19T05:21:34Z" duration-ms="78448">
      <class name="Api.Api_Petstore">
        <test-method signature="create()[pri:1, instance:Api.Api_Petstore@56c4278e]" started-at="2022-08-19T05:20:16Z" name="create" finished-at="2022-08-19T05:20:29Z" duration-ms="13078" status="PASS">
          <reporter-output>
          </reporter-output>
        </test-method> <!-- create -->
        <test-method signature="confirm()[pri:2, instance:Api.Api_Petstore@56c4278e]" started-at="2022-08-19T05:20:29Z" name="confirm" finished-at="2022-08-19T05:20:37Z" duration-ms="8328" status="PASS">
          <reporter-output>
          </reporter-output>
        </test-method> <!-- confirm -->
        <test-method signature="verifyByStatus(java.lang.String)[pri:3, instance:Api.Api_Petstore@56c4278e]" started-at="2022-08-19T05:20:37Z" name="verifyByStatus" data-provider="status" finished-at="2022-08-19T05:20:53Z" duration-ms="16220" status="PASS">
          <params>
            <param index="0">
              <value>
                <![CDATA[sold]]>
              </value>
            </param>
          </params>
          <reporter-output>
          </reporter-output>
        </test-method> <!-- verifyByStatus -->
        <test-method signature="verifyByStatus(java.lang.String)[pri:3, instance:Api.Api_Petstore@56c4278e]" started-at="2022-08-19T05:20:53Z" name="verifyByStatus" data-provider="status" finished-at="2022-08-19T05:21:11Z" duration-ms="18258" status="PASS">
          <params>
            <param index="0">
              <value>
                <![CDATA[available]]>
              </value>
            </param>
          </params>
          <reporter-output>
          </reporter-output>
        </test-method> <!-- verifyByStatus -->
        <test-method signature="verifyByStatus(java.lang.String)[pri:3, instance:Api.Api_Petstore@56c4278e]" started-at="2022-08-19T05:21:11Z" name="verifyByStatus" data-provider="status" finished-at="2022-08-19T05:21:34Z" duration-ms="22513" status="PASS">
          <params>
            <param index="0">
              <value>
                <![CDATA[pending]]>
              </value>
            </param>
          </params>
          <reporter-output>
          </reporter-output>
        </test-method> <!-- verifyByStatus -->
      </class> <!-- Api.Api_Petstore -->
    </test> <!-- Default test -->
  </suite> <!-- Default suite -->
</testng-results>
